{"name": "Проверка перехода по кнопке внизу страницы на страницу оформления заказа", "status": "failed", "statusDetails": {"message": "AssertionError: assert <bound method BasePage.current_url_page of <pages.main_page.MainPage object at 0x76fe8db5a290>> == 'https://qa-scooter.praktikum-services.ru/order'\n +  where <bound method BasePage.current_url_page of <pages.main_page.MainPage object at 0x76fe8db5a290>> = <bound method MainPage.check_order_header of <pages.main_page.MainPage object at 0x76fe8db5a290>>()\n +    where <bound method MainPage.check_order_header of <pages.main_page.MainPage object at 0x76fe8db5a290>> = <pages.main_page.MainPage object at 0x76fe8db5a290>.check_order_header", "trace": "self = <tests.test_main_page.TestMainPage object at 0x76fe8dab4f70>, driver = <selenium.webdriver.firefox.webdriver.WebDriver (session=\"e866dc77-3882-47b0-ba39-9efd32bb31ec\")>\n\n    @allure.title('Проверка перехода по кнопке внизу страницы на страницу оформления заказа')\n    @allure.description('Тест проверяет, что значение url соответствует ожидаемому значению')\n    def test_button_order_footer(self, driver):\n        button_order_footer = MainPage(driver, main_page_url)\n    \n>       assert button_order_footer.check_order_header() == order_page_url\nE       AssertionError: assert <bound method BasePage.current_url_page of <pages.main_page.MainPage object at 0x76fe8db5a290>> == 'https://qa-scooter.praktikum-services.ru/order'\nE        +  where <bound method BasePage.current_url_page of <pages.main_page.MainPage object at 0x76fe8db5a290>> = <bound method MainPage.check_order_header of <pages.main_page.MainPage object at 0x76fe8db5a290>>()\nE        +    where <bound method MainPage.check_order_header of <pages.main_page.MainPage object at 0x76fe8db5a290>> = <pages.main_page.MainPage object at 0x76fe8db5a290>.check_order_header\n\ntests/test_main_page.py:44: AssertionError"}, "description": "Тест проверяет, что значение url соответствует ожидаемому значению", "steps": [{"name": "Открываем браузер Firefox", "status": "passed", "parameters": [{"name": "driver", "value": "<selenium.webdriver.firefox.webdriver.WebDriver (session=\"e866dc77-3882-47b0-ba39-9efd32bb31ec\")>"}, {"name": "url", "value": "'https://qa-scooter.praktikum-services.ru/'"}], "start": 1718533270410, "stop": 1718533280548}, {"name": "Кликаем по кнопке \"Заказать\" вверху страницы", "status": "passed", "steps": [{"name": "Кликаем по элементу", "status": "passed", "parameters": [{"name": "locator", "value": "['xpath', \".//div[contains(@class, 'Header_Nav')]/button[text()='Заказать']\"]"}], "start": 1718533280549, "stop": 1718533280804}], "start": 1718533280548, "stop": 1718533280804}], "start": 1718533270410, "stop": 1718533280805, "uuid": "5cdfafa1-c014-4b28-8a3f-ab059c6cd369", "historyId": "403b39598f8dc903aa31e56f15ed9945", "testCaseId": "403b39598f8dc903aa31e56f15ed9945", "fullName": "tests.test_main_page.TestMainPage#test_button_order_footer", "labels": [{"name": "parentSuite", "value": "tests"}, {"name": "suite", "value": "test_main_page"}, {"name": "subSuite", "value": "TestMainPage"}, {"name": "host", "value": "irina-IdeaPad-5-Pro-14ACN6"}, {"name": "thread", "value": "12061-MainThread"}, {"name": "framework", "value": "pytest"}, {"name": "language", "value": "cpython3"}, {"name": "package", "value": "tests.test_main_page"}]}