{"name": "Проверка перехода по кнопке вверху страницы на страницу оформления заказа", "status": "failed", "statusDetails": {"message": "AssertionError: assert <bound method BasePage.current_url_page of <pages.main_page.MainPage object at 0x76fe8dab4d00>> == 'https://qa-scooter.praktikum-services.ru/order'\n +  where <bound method BasePage.current_url_page of <pages.main_page.MainPage object at 0x76fe8dab4d00>> = <bound method MainPage.check_order_header of <pages.main_page.MainPage object at 0x76fe8dab4d00>>()\n +    where <bound method MainPage.check_order_header of <pages.main_page.MainPage object at 0x76fe8dab4d00>> = <pages.main_page.MainPage object at 0x76fe8dab4d00>.check_order_header", "trace": "self = <tests.test_main_page.TestMainPage object at 0x76fe8dab43d0>, driver = <selenium.webdriver.firefox.webdriver.WebDriver (session=\"7f6af826-bd2f-4c2b-ad75-3f48971f50a4\")>\n\n    @allure.title('Проверка перехода по кнопке вверху страницы на страницу оформления заказа')\n    @allure.description('Тест проверяет, что значение url соответствует ожидаемому значению')\n    def test_button_order_header(self, driver):\n        button_order_header = MainPage(driver, main_page_url)\n    \n>       assert button_order_header.check_order_header() == order_page_url\nE       AssertionError: assert <bound method BasePage.current_url_page of <pages.main_page.MainPage object at 0x76fe8dab4d00>> == 'https://qa-scooter.praktikum-services.ru/order'\nE        +  where <bound method BasePage.current_url_page of <pages.main_page.MainPage object at 0x76fe8dab4d00>> = <bound method MainPage.check_order_header of <pages.main_page.MainPage object at 0x76fe8dab4d00>>()\nE        +    where <bound method MainPage.check_order_header of <pages.main_page.MainPage object at 0x76fe8dab4d00>> = <pages.main_page.MainPage object at 0x76fe8dab4d00>.check_order_header\n\ntests/test_main_page.py:37: AssertionError"}, "description": "Тест проверяет, что значение url соответствует ожидаемому значению", "steps": [{"name": "Открываем браузер Firefox", "status": "passed", "parameters": [{"name": "driver", "value": "<selenium.webdriver.firefox.webdriver.WebDriver (session=\"7f6af826-bd2f-4c2b-ad75-3f48971f50a4\")>"}, {"name": "url", "value": "'https://qa-scooter.praktikum-services.ru/'"}], "start": 1718533255917, "stop": 1718533268099}, {"name": "Кликаем по кнопке \"Заказать\" вверху страницы", "status": "passed", "steps": [{"name": "Кликаем по элементу", "status": "passed", "parameters": [{"name": "locator", "value": "['xpath', \".//div[contains(@class, 'Header_Nav')]/button[text()='Заказать']\"]"}], "start": 1718533268100, "stop": 1718533268342}], "start": 1718533268099, "stop": 1718533268342}], "start": 1718533255917, "stop": 1718533268343, "uuid": "8ba59a90-fa41-437e-b85e-853131ae556a", "historyId": "060e32edb3ee6c4b013b8c7f50e7b9f4", "testCaseId": "060e32edb3ee6c4b013b8c7f50e7b9f4", "fullName": "tests.test_main_page.TestMainPage#test_button_order_header", "labels": [{"name": "parentSuite", "value": "tests"}, {"name": "suite", "value": "test_main_page"}, {"name": "subSuite", "value": "TestMainPage"}, {"name": "host", "value": "irina-IdeaPad-5-Pro-14ACN6"}, {"name": "thread", "value": "12061-MainThread"}, {"name": "framework", "value": "pytest"}, {"name": "language", "value": "cpython3"}, {"name": "package", "value": "tests.test_main_page"}]}